Added Component: Designator=C1(C_SOP_0603)
Add component. Clean all parameters for all variants
Added Component: Designator=C2(C_SOP_0603)
Add component. Clean all parameters for all variants
Added Component: Designator=C3(C_SOP_0603)
Add component. Clean all parameters for all variants
Added Component: Designator=C4(C_SOP_0603)
Add component. Clean all parameters for all variants
Added Component: Designator=C5(C_SOP_0603)
Add component. Clean all parameters for all variants
Added Component: Designator=C6(C_SOP_0603)
Add component. Clean all parameters for all variants
Added Component: Designator=C7(C_SOP_0603)
Add component. Clean all parameters for all variants
Added Component: Designator=CH1(MSOP_10)
Add component. Clean all parameters for all variants
Added Component: Designator=D1(LC-SMA(DO-214AC)_S5)
Add component. Clean all parameters for all variants
Added Component: Designator=F1(Fuse_0805)
Add component. Clean all parameters for all variants
Added Component: Designator=H1(XH_2.54_5P_H)
Add component. Clean all parameters for all variants
Added Component: Designator=L1(SOT223_3)
Add component. Clean all parameters for all variants
Added Component: Designator=LED1(LED_0603_R)
Add component. Clean all parameters for all variants
Added Component: Designator=LED2(LED_0603_R)
Add component. Clean all parameters for all variants
Added Component: Designator=R1(R_SMD_0603)
Add component. Clean all parameters for all variants
Added Component: Designator=R2(R_SMD_0603)
Add component. Clean all parameters for all variants
Added Component: Designator=R(R_SMD_0603)
Add component. Clean all parameters for all variants
Added Component: Designator=USB1(USB_MINI_SMD)
Add component. Clean all parameters for all variants
Added Pin To Net: NetName=3V3 Pin=C3-1
Added Pin To Net: NetName=3V3 Pin=C4-1
Added Pin To Net: NetName=3V3 Pin=H1-3
Added Pin To Net: NetName=3V3 Pin=L1-2
Added Pin To Net: NetName=3V3 Pin=L1-4
Added Net: Name=3V3
Added Pin To Net: NetName=5V Pin=C1-2
Added Pin To Net: NetName=5V Pin=C2-2
Added Pin To Net: NetName=5V Pin=C6-1
Added Pin To Net: NetName=5V Pin=C7-1
Added Pin To Net: NetName=5V Pin=CH1-7
Added Pin To Net: NetName=5V Pin=D1-1
Added Pin To Net: NetName=5V Pin=F1-2
Added Pin To Net: NetName=5V Pin=H1-4
Added Pin To Net: NetName=5V Pin=L1-3
Added Pin To Net: NetName=5V Pin=R1-1
Added Pin To Net: NetName=5V Pin=R-1
Added Net: Name=5V
Added Pin To Net: NetName=GND Pin=C1-1
Added Pin To Net: NetName=GND Pin=C2-1
Added Pin To Net: NetName=GND Pin=C3-2
Added Pin To Net: NetName=GND Pin=C4-2
Added Pin To Net: NetName=GND Pin=C5-2
Added Pin To Net: NetName=GND Pin=C6-2
Added Pin To Net: NetName=GND Pin=C7-2
Added Pin To Net: NetName=GND Pin=CH1-3
Added Pin To Net: NetName=GND Pin=D1-2
Added Pin To Net: NetName=GND Pin=H1-5
Added Pin To Net: NetName=GND Pin=L1-1
Added Pin To Net: NetName=GND Pin=LED1-2
Added Pin To Net: NetName=GND Pin=LED2-2
Added Pin To Net: NetName=GND Pin=USB1-5
Added Net: Name=GND
Added Pin To Net: NetName=NetC5_1 Pin=C5-1
Added Pin To Net: NetName=NetC5_1 Pin=CH1-10
Added Net: Name=NetC5_1
Added Pin To Net: NetName=NetF1_1 Pin=F1-1
Added Pin To Net: NetName=NetF1_1 Pin=USB1-1
Added Net: Name=NetF1_1
Added Pin To Net: NetName=NetLED1_1 Pin=LED1-1
Added Pin To Net: NetName=NetLED1_1 Pin=R1-2
Added Net: Name=NetLED1_1
Added Pin To Net: NetName=NetLED2_1 Pin=LED2-1
Added Pin To Net: NetName=NetLED2_1 Pin=R2-2
Added Net: Name=NetLED2_1
Added Pin To Net: NetName=RXD Pin=CH1-9
Added Pin To Net: NetName=RXD Pin=H1-1
Added Net: Name=RXD
Added Pin To Net: NetName=TNOW Pin=CH1-6
Added Pin To Net: NetName=TNOW Pin=R2-1
Added Net: Name=TNOW
Added Pin To Net: NetName=TXD Pin=CH1-8
Added Pin To Net: NetName=TXD Pin=H1-2
Added Net: Name=TXD
Added Pin To Net: NetName=USB_+ Pin=CH1-1
Added Pin To Net: NetName=USB_+ Pin=R-2
Added Pin To Net: NetName=USB_+ Pin=USB1-3
Added Net: Name=USB_+
Added Pin To Net: NetName=USB_- Pin=CH1-2
Added Pin To Net: NetName=USB_- Pin=USB1-2
Added Net: Name=USB_-
Added Class: Name=Sheet1
Added Room: Name=Sheet1
